<?xml version="1.0" encoding="UTF-8"?>
<!-- Generated by org.testng.reporters.JUnitReportReporter -->
<testsuite hostname="Lenovo" failures="0" tests="1" name="classone.Testngdemo" time="1.728" errors="0" timestamp="2021-02-11T17:47:43 IST" skipped="0">
  <testcase classname="classone.Testngdemo" name="userDetails" time="1.728"/>
  <system-out/>
</testsuite> <!-- classone.Testngdemo -->
